<?xml version="1.0" encoding="UTF-8"?>
<testng-results skipped="0" failed="1" ignored="0" total="4" passed="3">
  <reporter-output>
  </reporter-output>
  <suite name="Suite" duration-ms="199972" started-at="2022-06-22T10:44:29 IST" finished-at="2022-06-22T10:47:49 IST">
    <groups>
    </groups>
    <test name="Validating Navigation bar in page" duration-ms="141983" started-at="2022-06-22T10:44:29 IST" finished-at="2022-06-22T10:46:51 IST">
      <class name="Academy.ValidateNavigationbar">
        <test-method status="PASS" signature="initialize()[pri:0, instance:Academy.ValidateNavigationbar@cc43f62]" name="initialize" is-config="true" duration-ms="129402" started-at="2022-06-22T10:44:29 IST" finished-at="2022-06-22T10:46:38 IST">
          <reporter-output>
          </reporter-output>
        </test-method> <!-- initialize -->
        <test-method status="PASS" signature="BasepageNavigation()[pri:0, instance:Academy.ValidateNavigationbar@cc43f62]" name="BasepageNavigation" duration-ms="838" started-at="2022-06-22T10:46:39 IST" finished-at="2022-06-22T10:46:40 IST">
          <reporter-output>
          </reporter-output>
        </test-method> <!-- BasepageNavigation -->
        <test-method status="PASS" signature="teardown()[pri:0, instance:Academy.ValidateNavigationbar@cc43f62]" name="teardown" is-config="true" duration-ms="11196" started-at="2022-06-22T10:46:40 IST" finished-at="2022-06-22T10:46:51 IST">
          <reporter-output>
          </reporter-output>
        </test-method> <!-- teardown -->
      </class> <!-- Academy.ValidateNavigationbar -->
    </test> <!-- Validating Navigation bar in page -->
    <test name="Validating title in the page" duration-ms="143219" started-at="2022-06-22T10:44:29 IST" finished-at="2022-06-22T10:46:52 IST">
      <class name="Academy.ValidateTitle">
        <test-method status="PASS" signature="intializer()[pri:0, instance:Academy.ValidateTitle@247310d0]" name="intializer" is-config="true" duration-ms="129678" started-at="2022-06-22T10:44:29 IST" finished-at="2022-06-22T10:46:39 IST">
          <reporter-output>
          </reporter-output>
        </test-method> <!-- intializer -->
        <test-method status="FAIL" signature="ValidateAppTitle()[pri:0, instance:Academy.ValidateTitle@247310d0]" name="ValidateAppTitle" duration-ms="856" started-at="2022-06-22T10:46:39 IST" finished-at="2022-06-22T10:46:40 IST">
          <exception class="java.lang.AssertionError">
            <message>
              <![CDATA[expected [FEATURED 123COURSES] but found [FEATURED COURSES]]]>
            </message>
            <full-stacktrace>
              <![CDATA[java.lang.AssertionError: expected [FEATURED 123COURSES] but found [FEATURED COURSES]
at org.testng.Assert.fail(Assert.java:99)
at org.testng.Assert.failNotEquals(Assert.java:1037)
at org.testng.Assert.assertEqualsImpl(Assert.java:140)
at org.testng.Assert.assertEquals(Assert.java:122)
at org.testng.Assert.assertEquals(Assert.java:629)
at org.testng.Assert.assertEquals(Assert.java:639)
at Academy.ValidateTitle.ValidateAppTitle(ValidateTitle.java:39)
at sun.reflect.NativeMethodAccessorImpl.invoke0(Native Method)
at sun.reflect.NativeMethodAccessorImpl.invoke(NativeMethodAccessorImpl.java:62)
at sun.reflect.DelegatingMethodAccessorImpl.invoke(DelegatingMethodAccessorImpl.java:43)
at java.lang.reflect.Method.invoke(Method.java:498)
at org.testng.internal.MethodInvocationHelper.invokeMethod(MethodInvocationHelper.java:133)
at org.testng.internal.TestInvoker.invokeMethod(TestInvoker.java:598)
at org.testng.internal.TestInvoker.invokeTestMethod(TestInvoker.java:173)
at org.testng.internal.MethodRunner.runInSequence(MethodRunner.java:46)
at org.testng.internal.TestInvoker$MethodInvocationAgent.invoke(TestInvoker.java:824)
at org.testng.internal.TestInvoker.invokeTestMethods(TestInvoker.java:146)
at org.testng.internal.TestMethodWorker.invokeTestMethods(TestMethodWorker.java:146)
at org.testng.internal.TestMethodWorker.run(TestMethodWorker.java:128)
at java.util.ArrayList.forEach(ArrayList.java:1259)
at org.testng.TestRunner.privateRun(TestRunner.java:794)
at org.testng.TestRunner.run(TestRunner.java:596)
at org.testng.SuiteRunner.runTest(SuiteRunner.java:377)
at org.testng.SuiteRunner.access$000(SuiteRunner.java:28)
at org.testng.SuiteRunner$SuiteWorker.run(SuiteRunner.java:418)
at org.testng.internal.thread.ThreadUtil.lambda$execute$0(ThreadUtil.java:64)
at java.util.concurrent.FutureTask.run(FutureTask.java:266)
at java.util.concurrent.ThreadPoolExecutor.runWorker(ThreadPoolExecutor.java:1149)
at java.util.concurrent.ThreadPoolExecutor$Worker.run(ThreadPoolExecutor.java:624)
at java.lang.Thread.run(Thread.java:748)
]]>
            </full-stacktrace>
          </exception> <!-- java.lang.AssertionError -->
          <reporter-output>
          </reporter-output>
        </test-method> <!-- ValidateAppTitle -->
        <test-method status="PASS" signature="teardown()[pri:0, instance:Academy.ValidateTitle@247310d0]" name="teardown" is-config="true" duration-ms="9335" started-at="2022-06-22T10:46:43 IST" finished-at="2022-06-22T10:46:52 IST">
          <reporter-output>
          </reporter-output>
        </test-method> <!-- teardown -->
      </class> <!-- Academy.ValidateTitle -->
    </test> <!-- Validating title in the page -->
    <test name="Validating the Homepage" duration-ms="199972" started-at="2022-06-22T10:44:29 IST" finished-at="2022-06-22T10:47:49 IST">
      <class name="Academy.HomePage">
        <test-method status="PASS" signature="initialize()[pri:0, instance:Academy.HomePage@6d60fe40]" name="initialize" is-config="true" duration-ms="189634" started-at="2022-06-22T10:44:29 IST" finished-at="2022-06-22T10:47:39 IST">
          <reporter-output>
          </reporter-output>
        </test-method> <!-- initialize -->
        <test-method status="PASS" signature="basepageNavigation(java.lang.String,java.lang.String,java.lang.String)[pri:0, instance:Academy.HomePage@6d60fe40]" name="basepageNavigation" duration-ms="3082" started-at="2022-06-22T10:47:39 IST" data-provider="getdata" finished-at="2022-06-22T10:47:42 IST">
          <params>
            <param index="0">
              <value>
                <![CDATA[NonRestricteduser@qw.com]]>
              </value>
            </param>
            <param index="1">
              <value>
                <![CDATA[123456]]>
              </value>
            </param>
            <param index="2">
              <value>
                <![CDATA[Restricted User]]>
              </value>
            </param>
          </params>
          <reporter-output>
          </reporter-output>
        </test-method> <!-- basepageNavigation -->
        <test-method status="PASS" signature="basepageNavigation(java.lang.String,java.lang.String,java.lang.String)[pri:0, instance:Academy.HomePage@6d60fe40]" name="basepageNavigation" duration-ms="1970" started-at="2022-06-22T10:47:42 IST" data-provider="getdata" finished-at="2022-06-22T10:47:44 IST">
          <params>
            <param index="0">
              <value>
                <![CDATA[Restricteduser@qw.com]]>
              </value>
            </param>
            <param index="1">
              <value>
                <![CDATA[123456]]>
              </value>
            </param>
            <param index="2">
              <value>
                <![CDATA[NonRestricted User]]>
              </value>
            </param>
          </params>
          <reporter-output>
          </reporter-output>
        </test-method> <!-- basepageNavigation -->
        <test-method status="PASS" signature="teardown()[pri:0, instance:Academy.HomePage@6d60fe40]" name="teardown" is-config="true" duration-ms="5216" started-at="2022-06-22T10:47:44 IST" finished-at="2022-06-22T10:47:49 IST">
          <reporter-output>
          </reporter-output>
        </test-method> <!-- teardown -->
      </class> <!-- Academy.HomePage -->
    </test> <!-- Validating the Homepage -->
  </suite> <!-- Suite -->
</testng-results>
